Using pre-set license
Built from '2022.3/staging' branch; Version is '2022.3.13f1 (5f90a5ebde0f) revision 6262949'; Using compiler version '192829333'; Build Type 'Release'
OS: 'Windows 10  (10.0.19045) 64bit Professional' Language: 'en' Physical Memory: 16085 MB
BatchMode: 1, IsHumanControllingUs: 0, StartBugReporterOnCrash: 0, Is64bit: 1, IsPro: 1

COMMAND LINE ARGUMENTS:
D:\Informatica\Unity\2022.3.13f1\Editor\Unity.exe
-adb2
-batchMode
-noUpm
-name
AssetImportWorker2
-projectPath
D:/Facultate/Anul_3/Sem2/DJC/Volleyball-3D/Volleyball 3D
-logFile
Logs/AssetImportWorker2.log
-srvPort
53100
Successfully changed project path to: D:/Facultate/Anul_3/Sem2/DJC/Volleyball-3D/Volleyball 3D
D:/Facultate/Anul_3/Sem2/DJC/Volleyball-3D/Volleyball 3D
[UnityMemory] Configuration Parameters - Can be set up in boot.config
    "memorysetup-bucket-allocator-granularity=16"
    "memorysetup-bucket-allocator-bucket-count=8"
    "memorysetup-bucket-allocator-block-size=33554432"
    "memorysetup-bucket-allocator-block-count=8"
    "memorysetup-main-allocator-block-size=16777216"
    "memorysetup-thread-allocator-block-size=16777216"
    "memorysetup-gfx-main-allocator-block-size=16777216"
    "memorysetup-gfx-thread-allocator-block-size=16777216"
    "memorysetup-cache-allocator-block-size=4194304"
    "memorysetup-typetree-allocator-block-size=2097152"
    "memorysetup-profiler-bucket-allocator-granularity=16"
    "memorysetup-profiler-bucket-allocator-bucket-count=8"
    "memorysetup-profiler-bucket-allocator-block-size=33554432"
    "memorysetup-profiler-bucket-allocator-block-count=8"
    "memorysetup-profiler-allocator-block-size=16777216"
    "memorysetup-profiler-editor-allocator-block-size=1048576"
    "memorysetup-temp-allocator-size-main=16777216"
    "memorysetup-job-temp-allocator-block-size=2097152"
    "memorysetup-job-temp-allocator-block-size-background=1048576"
    "memorysetup-job-temp-allocator-reduction-small-platforms=262144"
    "memorysetup-allocator-temp-initial-block-size-main=262144"
    "memorysetup-allocator-temp-initial-block-size-worker=262144"
    "memorysetup-temp-allocator-size-background-worker=32768"
    "memorysetup-temp-allocator-size-job-worker=262144"
    "memorysetup-temp-allocator-size-preload-manager=33554432"
    "memorysetup-temp-allocator-size-nav-mesh-worker=65536"
    "memorysetup-temp-allocator-size-audio-worker=65536"
    "memorysetup-temp-allocator-size-cloud-worker=32768"
    "memorysetup-temp-allocator-size-gi-baking-worker=262144"
    "memorysetup-temp-allocator-size-gfx=262144"
Player connection [2308] Host "[IP] 192.168.0.192 [Port] 0 [Flags] 2 [Guid] 855364800 [EditorId] 855364800 [Version] 1048832 [Id] WindowsEditor(7,DESKTOP-JN9LP7J) [Debug] 1 [PackageName] WindowsEditor [ProjectName] Editor" joined multi-casting on [225.0.0.222:54997]...

Player connection [2308] Host "[IP] 192.168.0.192 [Port] 0 [Flags] 2 [Guid] 855364800 [EditorId] 855364800 [Version] 1048832 [Id] WindowsEditor(7,DESKTOP-JN9LP7J) [Debug] 1 [PackageName] WindowsEditor [ProjectName] Editor" joined alternative multi-casting on [225.0.0.222:34997]...

[Physics::Module] Initialized MultithreadedJobDispatcher with 15 workers.
Refreshing native plugins compatible for Editor in 7.98 ms, found 3 plugins.
Preloading 0 native plugins for Editor in 0.00 ms.
Initialize engine version: 2022.3.13f1 (5f90a5ebde0f)
[Subsystems] Discovering subsystems at path D:/Informatica/Unity/2022.3.13f1/Editor/Data/Resources/UnitySubsystems
[Subsystems] Discovering subsystems at path D:/Facultate/Anul_3/Sem2/DJC/Volleyball-3D/Volleyball 3D/Assets
GfxDevice: creating device client; threaded=0; jobified=0
Direct3D:
    Version:  Direct3D 11.0 [level 11.1]
    Renderer: NVIDIA GeForce RTX 3050 Laptop GPU (ID=0x25a2)
    Vendor:   NVIDIA
    VRAM:     3980 MB
    Driver:   31.0.15.4621
Initialize mono
Mono path[0] = 'D:/Informatica/Unity/2022.3.13f1/Editor/Data/Managed'
Mono path[1] = 'D:/Informatica/Unity/2022.3.13f1/Editor/Data/MonoBleedingEdge/lib/mono/unityjit-win32'
Mono config path = 'D:/Informatica/Unity/2022.3.13f1/Editor/Data/MonoBleedingEdge/etc'
Using monoOptions --debugger-agent=transport=dt_socket,embedding=1,server=y,suspend=n,address=127.0.0.1:56372
Begin MonoManager ReloadAssembly
Registering precompiled unity dll's ...
Register platform support module: D:/Informatica/Unity/2022.3.13f1/Editor/Data/PlaybackEngines/WindowsStandaloneSupport/UnityEditor.WindowsStandalone.Extensions.dll
Registered in 0.003269 seconds.
- Loaded All Assemblies, in  0.272 seconds
Native extension for WindowsStandalone target not found
Mono: successfully reloaded assembly
- Finished resetting the current domain, in  0.194 seconds
Domain Reload Profiling: 466ms
	BeginReloadAssembly (95ms)
		ExecutionOrderSort (0ms)
		DisableScriptedObjects (0ms)
		BackupInstance (0ms)
		ReleaseScriptingObjects (0ms)
		CreateAndSetChildDomain (1ms)
	RebuildCommonClasses (26ms)
	RebuildNativeTypeToScriptingClass (9ms)
	initialDomainReloadingComplete (40ms)
	LoadAllAssembliesAndSetupDomain (102ms)
		LoadAssemblies (94ms)
		RebuildTransferFunctionScriptingTraits (0ms)
		AnalyzeDomain (101ms)
			TypeCache.Refresh (99ms)
				TypeCache.ScanAssembly (89ms)
			ScanForSourceGeneratedMonoScriptInfo (0ms)
			ResolveRequiredComponents (0ms)
	FinalizeReload (194ms)
		ReleaseScriptCaches (0ms)
		RebuildScriptCaches (0ms)
		SetupLoadedEditorAssemblies (149ms)
			LogAssemblyErrors (0ms)
			InitializePlatformSupportModulesInManaged (6ms)
			SetLoadedEditorAssemblies (6ms)
			RefreshPlugins (0ms)
			BeforeProcessingInitializeOnLoad (2ms)
			ProcessInitializeOnLoadAttributes (98ms)
			ProcessInitializeOnLoadMethodAttributes (38ms)
			AfterProcessingInitializeOnLoad (0ms)
			EditorAssembliesLoaded (0ms)
		ExecutionOrderSort2 (0ms)
		AwakeInstancesAfterBackupRestoration (0ms)
========================================================================
Worker process is ready to serve import requests
Begin MonoManager ReloadAssembly
- Loaded All Assemblies, in  0.492 seconds
Refreshing native plugins compatible for Editor in 1.10 ms, found 3 plugins.
Native extension for WindowsStandalone target not found
Package Manager log level set to [2]
[Package Manager] Server::EnsureServerProcessIsRunning -- launch failed, reason: Unity was launched with the -noUpm command-line argument
[Package Manager] UpmClient::Send -- Unable to send message (not connected to UPM process).
[Package Manager] Cannot connect to Unity Package Manager local server
Mono: successfully reloaded assembly
- Finished resetting the current domain, in  0.433 seconds
Domain Reload Profiling: 925ms
	BeginReloadAssembly (117ms)
		ExecutionOrderSort (0ms)
		DisableScriptedObjects (4ms)
		BackupInstance (0ms)
		ReleaseScriptingObjects (0ms)
		CreateAndSetChildDomain (18ms)
	RebuildCommonClasses (26ms)
	RebuildNativeTypeToScriptingClass (9ms)
	initialDomainReloadingComplete (28ms)
	LoadAllAssembliesAndSetupDomain (312ms)
		LoadAssemblies (211ms)
		RebuildTransferFunctionScriptingTraits (0ms)
		AnalyzeDomain (168ms)
			TypeCache.Refresh (148ms)
				TypeCache.ScanAssembly (135ms)
			ScanForSourceGeneratedMonoScriptInfo (15ms)
			ResolveRequiredComponents (4ms)
	FinalizeReload (433ms)
		ReleaseScriptCaches (0ms)
		RebuildScriptCaches (0ms)
		SetupLoadedEditorAssemblies (313ms)
			LogAssemblyErrors (0ms)
			InitializePlatformSupportModulesInManaged (4ms)
			SetLoadedEditorAssemblies (3ms)
			RefreshPlugins (0ms)
			BeforeProcessingInitializeOnLoad (40ms)
			ProcessInitializeOnLoadAttributes (249ms)
			ProcessInitializeOnLoadMethodAttributes (15ms)
			AfterProcessingInitializeOnLoad (2ms)
			EditorAssembliesLoaded (0ms)
		ExecutionOrderSort2 (0ms)
		AwakeInstancesAfterBackupRestoration (5ms)
Launched and connected shader compiler UnityShaderCompiler.exe after 0.04 seconds
Refreshing native plugins compatible for Editor in 1.39 ms, found 3 plugins.
Preloading 0 native plugins for Editor in 0.00 ms.
Unloading 3520 Unused Serialized files (Serialized files now loaded: 0)
Unloading 37 unused Assets / (122.3 KB). Loaded Objects now: 3984.
Memory consumption went from 143.9 MB to 143.7 MB.
Total: 3.080100 ms (FindLiveObjects: 0.248600 ms CreateObjectMapping: 0.167200 ms MarkObjects: 2.545600 ms  DeleteObjects: 0.117700 ms)

AssetImportParameters requested are different than current active one (requested -> active):
  custom:container-demuxer-ogg: 62fdf1f143b41e24485cea50d1cbac27 -> 
  custom:video-decoder-ogg-theora: a1e56fd34408186e4bbccfd4996cb3dc -> 
  custom:framework-win-MediaFoundation: 216162199b28c13a410421893ffa2e32 -> 
  custom:CustomObjectIndexerAttribute: 756ad292c208cfabdd7b50bc23989ffe -> 
  custom:container-demuxer-webm: 4f35f7cbe854078d1ac9338744f61a02 -> 
  custom:container-muxer-webm: aa71ff27fc2769a1b78a27578f13a17b -> 
  custom:video-decoder-webm-vp8: 9c59270c3fd7afecdb556c50c9e8de78 -> 
  custom:SearchIndexIgnoredProperties: e643bd26f0fe6173181afceb89e7c659 -> 
  custom:AudioImporter_EditorPlatform: d09bf68614088b80899f8185d706f6e7 -> 
  custom:video-encoder-webm-vp8: eb34c28f22e8b96e1ab97ce403110664 -> 
  custom:audio-decoder-ogg-vorbis: bf7c407c2cedff20999df2af8eb42d56 -> 
  custom:audio-encoder-webm-vorbis: bf7c407c2cedff20999df2af8eb42d56 -> 
========================================================================
Received Import Request.
  Time since last request: 1681846.017561 seconds.
  path: Assets/PolygonCity/PolygonCity/Models/SM_Bld_OfficeOld_Small_02.fbx
  artifactKey: Guid(fc7f4877a4437904aa76f1a59182c3eb) Importer(815301076,1909f56bfc062723c751e8b465ee728b)
Start importing Assets/PolygonCity/PolygonCity/Models/SM_Bld_OfficeOld_Small_02.fbx using Guid(fc7f4877a4437904aa76f1a59182c3eb) Importer(815301076,1909f56bfc062723c751e8b465ee728b)  -> (artifact id: 'fbe1e21016733142f49d8b49ba26a875') in 0.115289 seconds
Number of updated asset objects reloaded before import = 0
Number of asset objects unloaded after import = 7
========================================================================
Received Import Request.
  Time since last request: 0.000022 seconds.
  path: Assets/PolygonCity/PolygonCity/Models/SM_Bld_Shop_02.fbx
  artifactKey: Guid(88e975ccc0a823e45881be9718fd83de) Importer(815301076,1909f56bfc062723c751e8b465ee728b)
Start importing Assets/PolygonCity/PolygonCity/Models/SM_Bld_Shop_02.fbx using Guid(88e975ccc0a823e45881be9718fd83de) Importer(815301076,1909f56bfc062723c751e8b465ee728b)  -> (artifact id: 'd28003f9da0baf86b26ee560660b62ab') in 0.022218 seconds
Number of updated asset objects reloaded before import = 0
Number of asset objects unloaded after import = 12
========================================================================
Received Import Request.
  Time since last request: 0.000029 seconds.
  path: Assets/PolygonCity/PolygonCity/Models/SM_Bld_Shop_05.fbx
  artifactKey: Guid(3c61d7aa61eefe24d8bba4e86f649b12) Importer(815301076,1909f56bfc062723c751e8b465ee728b)
Start importing Assets/PolygonCity/PolygonCity/Models/SM_Bld_Shop_05.fbx using Guid(3c61d7aa61eefe24d8bba4e86f649b12) Importer(815301076,1909f56bfc062723c751e8b465ee728b)  -> (artifact id: 'b591665c276a2e09a04753d7e958f2b5') in 0.019921 seconds
Number of updated asset objects reloaded before import = 0
Number of asset objects unloaded after import = 12
========================================================================
Received Import Request.
  Time since last request: 0.000012 seconds.
  path: Assets/PolygonCity/PolygonCity/Models/SM_Bld_Shop_Cover_02.fbx
  artifactKey: Guid(1ff02d60dcd4dc84ab0232c49a6bceb7) Importer(815301076,1909f56bfc062723c751e8b465ee728b)
Start importing Assets/PolygonCity/PolygonCity/Models/SM_Bld_Shop_Cover_02.fbx using Guid(1ff02d60dcd4dc84ab0232c49a6bceb7) Importer(815301076,1909f56bfc062723c751e8b465ee728b)  -> (artifact id: '425967114f317082e617d514327f86dc') in 0.013908 seconds
Number of updated asset objects reloaded before import = 0
Number of asset objects unloaded after import = 7
========================================================================
Received Import Request.
  Time since last request: 0.000013 seconds.
  path: Assets/PolygonCity/PolygonCity/Models/SM_Bld_Shop_Cover_05.fbx
  artifactKey: Guid(7527607bd8ad1944f8b80bdd85fecab6) Importer(815301076,1909f56bfc062723c751e8b465ee728b)
Start importing Assets/PolygonCity/PolygonCity/Models/SM_Bld_Shop_Cover_05.fbx using Guid(7527607bd8ad1944f8b80bdd85fecab6) Importer(815301076,1909f56bfc062723c751e8b465ee728b)  -> (artifact id: '88a4cca2eef4e75f22be61738457b59d') in 0.012792 seconds
Number of updated asset objects reloaded before import = 0
Number of asset objects unloaded after import = 7
========================================================================
Received Import Request.
  Time since last request: 1.158090 seconds.
  path: Assets/PolygonCity/PolygonCity/Models/SM_Bld_Station_03.fbx
  artifactKey: Guid(168e74101463c284aa63c2f769939413) Importer(815301076,1909f56bfc062723c751e8b465ee728b)
Start importing Assets/PolygonCity/PolygonCity/Models/SM_Bld_Station_03.fbx using Guid(168e74101463c284aa63c2f769939413) Importer(815301076,1909f56bfc062723c751e8b465ee728b)  -> (artifact id: 'c5abcc0fec3f6163dbde0b1ca0b8ee85') in 0.014415 seconds
Number of updated asset objects reloaded before import = 0
Number of asset objects unloaded after import = 7
========================================================================
Received Import Request.
  Time since last request: 0.001951 seconds.
  path: Assets/PolygonCity/PolygonCity/Models/SM_Env_Bridge_Underside_01.fbx
  artifactKey: Guid(7a8d178a35915044ea1966d30603db1a) Importer(815301076,1909f56bfc062723c751e8b465ee728b)
Start importing Assets/PolygonCity/PolygonCity/Models/SM_Env_Bridge_Underside_01.fbx using Guid(7a8d178a35915044ea1966d30603db1a) Importer(815301076,1909f56bfc062723c751e8b465ee728b)  -> (artifact id: 'a99905be2509aa1478fb93ca56cc3c7f') in 0.010382 seconds
Number of updated asset objects reloaded before import = 0
Number of asset objects unloaded after import = 7
========================================================================
Received Import Request.
  Time since last request: 0.000505 seconds.
  path: Assets/PolygonCity/PolygonCity/Models/SM_Env_Cloud_01.fbx
  artifactKey: Guid(b03970f60f30c6446a3073a546bcd606) Importer(815301076,1909f56bfc062723c751e8b465ee728b)
Start importing Assets/PolygonCity/PolygonCity/Models/SM_Env_Cloud_01.fbx using Guid(b03970f60f30c6446a3073a546bcd606) Importer(815301076,1909f56bfc062723c751e8b465ee728b)  -> (artifact id: '6f4d63206dfce6f90c41f623123d3ff2') in 0.013593 seconds
Number of updated asset objects reloaded before import = 0
Number of asset objects unloaded after import = 7
========================================================================
Received Import Request.
  Time since last request: 0.000015 seconds.
  path: Assets/PolygonCity/PolygonCity/Models/SM_Env_Fence_End_01.fbx
  artifactKey: Guid(a29081923b79b0943a8cb435acdcb4b9) Importer(815301076,1909f56bfc062723c751e8b465ee728b)
Start importing Assets/PolygonCity/PolygonCity/Models/SM_Env_Fence_End_01.fbx using Guid(a29081923b79b0943a8cb435acdcb4b9) Importer(815301076,1909f56bfc062723c751e8b465ee728b)  -> (artifact id: '2d0bce0cd5c19f4ce5469c4726868c88') in 0.016205 seconds
Number of updated asset objects reloaded before import = 0
Number of asset objects unloaded after import = 7
========================================================================
Received Import Request.
  Time since last request: 0.026184 seconds.
  path: Assets/PolygonCity/PolygonCity/Models/SM_Env_Flower_01.fbx
  artifactKey: Guid(175f710fa4d544a4183b4e410ca6c016) Importer(815301076,1909f56bfc062723c751e8b465ee728b)
Start importing Assets/PolygonCity/PolygonCity/Models/SM_Env_Flower_01.fbx using Guid(175f710fa4d544a4183b4e410ca6c016) Importer(815301076,1909f56bfc062723c751e8b465ee728b)  -> (artifact id: 'd707b2e9fbddf05c3619af6523610cdc') in 0.013781 seconds
Number of updated asset objects reloaded before import = 0
Number of asset objects unloaded after import = 7
========================================================================
Received Import Request.
  Time since last request: 0.000016 seconds.
  path: Assets/PolygonCity/PolygonCity/Models/SM_Env_GrassPath_T_01.fbx
  artifactKey: Guid(c2fdda222670b6844b5d0e049c3604c2) Importer(815301076,1909f56bfc062723c751e8b465ee728b)
Start importing Assets/PolygonCity/PolygonCity/Models/SM_Env_GrassPath_T_01.fbx using Guid(c2fdda222670b6844b5d0e049c3604c2) Importer(815301076,1909f56bfc062723c751e8b465ee728b)  -> (artifact id: '75000a8c3335cae5e98342340d5936aa') in 0.014031 seconds
Number of updated asset objects reloaded before import = 0
Number of asset objects unloaded after import = 7
========================================================================
Received Import Request.
  Time since last request: 0.000017 seconds.
  path: Assets/PolygonCity/PolygonCity/Models/SM_Env_Path_T_01.fbx
  artifactKey: Guid(15f8f21af947fae4bb1e50ab80798382) Importer(815301076,1909f56bfc062723c751e8b465ee728b)
Start importing Assets/PolygonCity/PolygonCity/Models/SM_Env_Path_T_01.fbx using Guid(15f8f21af947fae4bb1e50ab80798382) Importer(815301076,1909f56bfc062723c751e8b465ee728b)  -> (artifact id: '317f4bbdeed1b06e2c252f91edfe25bd') in 0.016609 seconds
Number of updated asset objects reloaded before import = 0
Number of asset objects unloaded after import = 7
========================================================================
Received Import Request.
  Time since last request: 0.021813 seconds.
  path: Assets/PolygonCity/PolygonCity/Models/SM_Env_Road_01.fbx
  artifactKey: Guid(3ae7387e133e89f4d8f6abba42078519) Importer(815301076,1909f56bfc062723c751e8b465ee728b)
Start importing Assets/PolygonCity/PolygonCity/Models/SM_Env_Road_01.fbx using Guid(3ae7387e133e89f4d8f6abba42078519) Importer(815301076,1909f56bfc062723c751e8b465ee728b)  -> (artifact id: '9915f3d00cfa6169170b85c763fb1838') in 0.011563 seconds
Number of updated asset objects reloaded before import = 0
Number of asset objects unloaded after import = 7
========================================================================
Received Import Request.
  Time since last request: 0.000731 seconds.
  path: Assets/PolygonCity/PolygonCity/Models/SM_Env_Road_Arrow_01.fbx
  artifactKey: Guid(24e4fc04a1a6ed94d9357a621f9f2a93) Importer(815301076,1909f56bfc062723c751e8b465ee728b)
Start importing Assets/PolygonCity/PolygonCity/Models/SM_Env_Road_Arrow_01.fbx using Guid(24e4fc04a1a6ed94d9357a621f9f2a93) Importer(815301076,1909f56bfc062723c751e8b465ee728b)  -> (artifact id: 'a6e3f0318d4a45b8ff35bfe9a62fe135') in 0.010194 seconds
Number of updated asset objects reloaded before import = 0
Number of asset objects unloaded after import = 7
========================================================================
Received Import Request.
  Time since last request: 0.001296 seconds.
  path: Assets/PolygonCity/PolygonCity/Models/SM_Env_Road_Crossing_01.fbx
  artifactKey: Guid(9dc48fcca887642458c8c753be8c035f) Importer(815301076,1909f56bfc062723c751e8b465ee728b)
Start importing Assets/PolygonCity/PolygonCity/Models/SM_Env_Road_Crossing_01.fbx using Guid(9dc48fcca887642458c8c753be8c035f) Importer(815301076,1909f56bfc062723c751e8b465ee728b)  -> (artifact id: '6b8dd8ea85582406f4bd5d934647ad31') in 0.010711 seconds
Number of updated asset objects reloaded before import = 0
Number of asset objects unloaded after import = 7
========================================================================
Received Import Request.
  Time since last request: 0.000981 seconds.
  path: Assets/PolygonCity/PolygonCity/Models/SM_Env_Road_Median_01.fbx
  artifactKey: Guid(f922e8ee92c2c414883802ad8ea5372f) Importer(815301076,1909f56bfc062723c751e8b465ee728b)
Start importing Assets/PolygonCity/PolygonCity/Models/SM_Env_Road_Median_01.fbx using Guid(f922e8ee92c2c414883802ad8ea5372f) Importer(815301076,1909f56bfc062723c751e8b465ee728b)  -> (artifact id: 'ba4d5de139db696e09898c6349e155ff') in 0.015715 seconds
Number of updated asset objects reloaded before import = 0
Number of asset objects unloaded after import = 7
========================================================================
Received Import Request.
  Time since last request: 0.394372 seconds.
  path: Assets/PolygonCity/PolygonCity/Models/SM_Env_Road_ParkingLines_01.fbx
  artifactKey: Guid(437b7657e25fefd41be1a201bdabe4d5) Importer(815301076,1909f56bfc062723c751e8b465ee728b)
Start importing Assets/PolygonCity/PolygonCity/Models/SM_Env_Road_ParkingLines_01.fbx using Guid(437b7657e25fefd41be1a201bdabe4d5) Importer(815301076,1909f56bfc062723c751e8b465ee728b)  -> (artifact id: '2a309396cfa6601f4482b653e9a6ecde') in 0.012045 seconds
Number of updated asset objects reloaded before import = 0
Number of asset objects unloaded after import = 7
========================================================================
Received Import Request.
  Time since last request: 0.003126 seconds.
  path: Assets/PolygonCity/PolygonCity/Models/SM_Env_Sidewalk_01.fbx
  artifactKey: Guid(1e6c3b705c9a0584b8be24361acd65ce) Importer(815301076,1909f56bfc062723c751e8b465ee728b)
Start importing Assets/PolygonCity/PolygonCity/Models/SM_Env_Sidewalk_01.fbx using Guid(1e6c3b705c9a0584b8be24361acd65ce) Importer(815301076,1909f56bfc062723c751e8b465ee728b)  -> (artifact id: 'be2697257833cd508540c9ecc02a0525') in 0.010729 seconds
Number of updated asset objects reloaded before import = 0
Number of asset objects unloaded after import = 7
========================================================================
Received Import Request.
  Time since last request: 0.000790 seconds.
  path: Assets/PolygonCity/PolygonCity/Models/SM_Env_Sidewalk_Corner_02.fbx
  artifactKey: Guid(9b29d219491925b43b9b6aca4d398596) Importer(815301076,1909f56bfc062723c751e8b465ee728b)
Start importing Assets/PolygonCity/PolygonCity/Models/SM_Env_Sidewalk_Corner_02.fbx using Guid(9b29d219491925b43b9b6aca4d398596) Importer(815301076,1909f56bfc062723c751e8b465ee728b)  -> (artifact id: '1f24f7dcbbe7c7ad8942a5f7a4fa3b5b') in 0.014011 seconds
Number of updated asset objects reloaded before import = 0
Number of asset objects unloaded after import = 7
========================================================================
Received Import Request.
  Time since last request: 0.045290 seconds.
  path: Assets/PolygonCity/PolygonCity/Models/SM_Env_Sidewalk_Grate_02.fbx
  artifactKey: Guid(f72df1571ad339d418e328df7696f923) Importer(815301076,1909f56bfc062723c751e8b465ee728b)
Start importing Assets/PolygonCity/PolygonCity/Models/SM_Env_Sidewalk_Grate_02.fbx using Guid(f72df1571ad339d418e328df7696f923) Importer(815301076,1909f56bfc062723c751e8b465ee728b)  -> (artifact id: 'd63cb019481a87a315f4b0a3305f9161') in 0.012098 seconds
Number of updated asset objects reloaded before import = 0
Number of asset objects unloaded after import = 7
========================================================================
Received Import Request.
  Time since last request: 0.000442 seconds.
  path: Assets/PolygonCity/PolygonCity/Models/SM_Env_Sidewalk_Panel_01.fbx
  artifactKey: Guid(a58280b6ae3734f4886bab1d634e14a8) Importer(815301076,1909f56bfc062723c751e8b465ee728b)
Start importing Assets/PolygonCity/PolygonCity/Models/SM_Env_Sidewalk_Panel_01.fbx using Guid(a58280b6ae3734f4886bab1d634e14a8) Importer(815301076,1909f56bfc062723c751e8b465ee728b)  -> (artifact id: '6287c733ab3efdfff51bfc888f0257f2') in 0.011535 seconds
Number of updated asset objects reloaded before import = 0
Number of asset objects unloaded after import = 7
========================================================================
Received Import Request.
  Time since last request: 0.000110 seconds.
  path: Assets/PolygonCity/PolygonCity/Models/SM_Env_Sidewalk_Straight_02.fbx
  artifactKey: Guid(323f8b248f4b18d42b053591f1627fe4) Importer(815301076,1909f56bfc062723c751e8b465ee728b)
Start importing Assets/PolygonCity/PolygonCity/Models/SM_Env_Sidewalk_Straight_02.fbx using Guid(323f8b248f4b18d42b053591f1627fe4) Importer(815301076,1909f56bfc062723c751e8b465ee728b)  -> (artifact id: '326542bf55e4f69d1a809c83adc22f98') in 0.011592 seconds
Number of updated asset objects reloaded before import = 0
Number of asset objects unloaded after import = 7
========================================================================
Received Import Request.
  Time since last request: 0.003750 seconds.
  path: Assets/PolygonCity/PolygonCity/Models/SM_Env_SubwayEntrance_01.fbx
  artifactKey: Guid(8bfbd72541b8c314d98c45881b486f0a) Importer(815301076,1909f56bfc062723c751e8b465ee728b)
Start importing Assets/PolygonCity/PolygonCity/Models/SM_Env_SubwayEntrance_01.fbx using Guid(8bfbd72541b8c314d98c45881b486f0a) Importer(815301076,1909f56bfc062723c751e8b465ee728b)  -> (artifact id: '460f2a182e81b1c83225e4c632b8e69c') in 0.021689 seconds
Number of updated asset objects reloaded before import = 0
Number of asset objects unloaded after import = 12
========================================================================
Received Import Request.
  Time since last request: 0.000021 seconds.
  path: Assets/PolygonCity/PolygonCity/Models/SM_Env_WaterEdge_Corner_01.fbx
  artifactKey: Guid(b9fbb6f6668f7ff4cbc39c04c6b71894) Importer(815301076,1909f56bfc062723c751e8b465ee728b)
Start importing Assets/PolygonCity/PolygonCity/Models/SM_Env_WaterEdge_Corner_01.fbx using Guid(b9fbb6f6668f7ff4cbc39c04c6b71894) Importer(815301076,1909f56bfc062723c751e8b465ee728b)  -> (artifact id: 'bc02c553de42b2e5f69bb2c37df16db2') in 0.013390 seconds
Number of updated asset objects reloaded before import = 0
Number of asset objects unloaded after import = 7
========================================================================
Received Import Request.
  Time since last request: 0.000016 seconds.
  path: Assets/PolygonCity/PolygonCity/Models/SM_Env_WaterEdge_Rock_01.fbx
  artifactKey: Guid(27bf65190db556643904ee371814b40c) Importer(815301076,1909f56bfc062723c751e8b465ee728b)
Start importing Assets/PolygonCity/PolygonCity/Models/SM_Env_WaterEdge_Rock_01.fbx using Guid(27bf65190db556643904ee371814b40c) Importer(815301076,1909f56bfc062723c751e8b465ee728b)  -> (artifact id: '08a867fe61841eed5eb8dc268d829f5c') in 0.013555 seconds
Number of updated asset objects reloaded before import = 0
Number of asset objects unloaded after import = 7
========================================================================
Received Import Request.
  Time since last request: 0.000018 seconds.
  path: Assets/PolygonCity/PolygonCity/Models/SM_Env_WaterEdge_Straight_03.fbx
  artifactKey: Guid(629dbe9aacf49f846833785b60e31854) Importer(815301076,1909f56bfc062723c751e8b465ee728b)
Start importing Assets/PolygonCity/PolygonCity/Models/SM_Env_WaterEdge_Straight_03.fbx using Guid(629dbe9aacf49f846833785b60e31854) Importer(815301076,1909f56bfc062723c751e8b465ee728b)  -> (artifact id: '66497dbeff7acf1142c4af4c344b2b10') in 0.018627 seconds
Number of updated asset objects reloaded before import = 0
Number of asset objects unloaded after import = 7
========================================================================
Received Import Request.
  Time since last request: 15.401317 seconds.
  path: Assets/PolygonCity/PolygonCity/Scenes
  artifactKey: Guid(f422dbe4849e51347af15eedd142ec3c) Importer(815301076,1909f56bfc062723c751e8b465ee728b)
Start importing Assets/PolygonCity/PolygonCity/Scenes using Guid(f422dbe4849e51347af15eedd142ec3c) Importer(815301076,1909f56bfc062723c751e8b465ee728b)  -> (artifact id: '10ef709a4044afbe3a8919f8b17e3f9c') in 0.000429 seconds
Number of updated asset objects reloaded before import = 0
Number of asset objects unloaded after import = 0
========================================================================
Received Import Request.
  Time since last request: 1.017963 seconds.
  path: Assets/PolygonCity/PolygonCity/Scenes/Demo.unity
  artifactKey: Guid(35299a6a99d6dfe4bb709527ba95aab0) Importer(815301076,1909f56bfc062723c751e8b465ee728b)
Start importing Assets/PolygonCity/PolygonCity/Scenes/Demo.unity using Guid(35299a6a99d6dfe4bb709527ba95aab0) Importer(815301076,1909f56bfc062723c751e8b465ee728b)  -> (artifact id: 'ced0ebe7c6f091e478b4a305718362e6') in 0.000434 seconds
Number of updated asset objects reloaded before import = 0
Number of asset objects unloaded after import = 0
========================================================================
Received Import Request.
  Time since last request: 54.025097 seconds.
  path: Assets/Scenes/Field1.unity
  artifactKey: Guid(30c01ee6554858245822513742798e69) Importer(815301076,1909f56bfc062723c751e8b465ee728b)
Start importing Assets/Scenes/Field1.unity using Guid(30c01ee6554858245822513742798e69) Importer(815301076,1909f56bfc062723c751e8b465ee728b)  -> (artifact id: '8fb5d7162be49c813184fa5e42666167') in 0.000424 seconds
Number of updated asset objects reloaded before import = 0
Number of asset objects unloaded after import = 0
========================================================================
Received Import Request.
  Time since last request: 836.749059 seconds.
  path: Assets/Scenes/Field1.unity
  artifactKey: Guid(30c01ee6554858245822513742798e69) Importer(815301076,1909f56bfc062723c751e8b465ee728b)
Start importing Assets/Scenes/Field1.unity using Guid(30c01ee6554858245822513742798e69) Importer(815301076,1909f56bfc062723c751e8b465ee728b)  -> (artifact id: '8395e1386cd359944c7c8b1c91aa7fcb') in 0.000664 seconds
Number of updated asset objects reloaded before import = 0
Number of asset objects unloaded after import = 0
========================================================================
Received Import Request.
  Time since last request: 21.959961 seconds.
  path: Assets/PolygonCity/PolygonCity/Prefabs/Environments/SM_Env_Ocean_Tile_01.prefab
  artifactKey: Guid(60d3688bc6832bf45ac9ea2bf1c8ab03) Importer(815301076,1909f56bfc062723c751e8b465ee728b)
Start importing Assets/PolygonCity/PolygonCity/Prefabs/Environments/SM_Env_Ocean_Tile_01.prefab using Guid(60d3688bc6832bf45ac9ea2bf1c8ab03) Importer(815301076,1909f56bfc062723c751e8b465ee728b)  -> (artifact id: '7411bff55a43ce8ae550bebe530bbd2f') in 0.016183 seconds
Number of updated asset objects reloaded before import = 0
Number of asset objects unloaded after import = 8
========================================================================
Received Import Request.
  Time since last request: 915.658467 seconds.
  path: Assets/PolygonCity/PolygonCity/Prefabs/Vehicles/SM_Veh_Car_Ambo_01.prefab
  artifactKey: Guid(416c46ca128db5f4bb76f235b4f991d5) Importer(815301076,1909f56bfc062723c751e8b465ee728b)
Start importing Assets/PolygonCity/PolygonCity/Prefabs/Vehicles/SM_Veh_Car_Ambo_01.prefab using Guid(416c46ca128db5f4bb76f235b4f991d5) Importer(815301076,1909f56bfc062723c751e8b465ee728b)  -> (artifact id: '956f55d1d36c75ab584bafe499e06f91') in 0.078038 seconds
Number of updated asset objects reloaded before import = 0
Number of asset objects unloaded after import = 73
========================================================================
Received Import Request.
  Time since last request: 0.000023 seconds.
  path: Assets/PolygonCity/PolygonCity/Prefabs/Vehicles/SM_Veh_Car_Police_01.prefab
  artifactKey: Guid(f539f0390d17a9f4a922b722e47998fe) Importer(815301076,1909f56bfc062723c751e8b465ee728b)
Start importing Assets/PolygonCity/PolygonCity/Prefabs/Vehicles/SM_Veh_Car_Police_01.prefab using Guid(f539f0390d17a9f4a922b722e47998fe) Importer(815301076,1909f56bfc062723c751e8b465ee728b)  -> (artifact id: 'bb151f09fef89c93e56047fa8d3e04c2') in 0.042994 seconds
Number of updated asset objects reloaded before import = 0
Number of asset objects unloaded after import = 58
========================================================================
Received Import Request.
  Time since last request: 0.000056 seconds.
  path: Assets/PolygonCity/PolygonCity/Prefabs/Vehicles/SM_Veh_Car_Taxi_01.prefab
  artifactKey: Guid(a916a44328d322240bd1aaaca22fc8a7) Importer(815301076,1909f56bfc062723c751e8b465ee728b)
Start importing Assets/PolygonCity/PolygonCity/Prefabs/Vehicles/SM_Veh_Car_Taxi_01.prefab using Guid(a916a44328d322240bd1aaaca22fc8a7) Importer(815301076,1909f56bfc062723c751e8b465ee728b)  -> (artifact id: '919729212588577812bb53415f976ebb') in 0.031338 seconds
Number of updated asset objects reloaded before import = 0
Number of asset objects unloaded after import = 53
========================================================================
Received Import Request.
  Time since last request: 0.000031 seconds.
  path: Assets/PolygonCity/PolygonCity/Prefabs/Vehicles/SM_Veh_Car_Sedan_01.prefab
  artifactKey: Guid(85ac88d7c46e0ea4583870a98cc13580) Importer(815301076,1909f56bfc062723c751e8b465ee728b)
Start importing Assets/PolygonCity/PolygonCity/Prefabs/Vehicles/SM_Veh_Car_Sedan_01.prefab using Guid(85ac88d7c46e0ea4583870a98cc13580) Importer(815301076,1909f56bfc062723c751e8b465ee728b)  -> (artifact id: '50ae10f445f8dd4d450f3890ffab8e2c') in 0.027442 seconds
Number of updated asset objects reloaded before import = 0
Number of asset objects unloaded after import = 58
Editor requested this worker to shutdown with reason: Scaling down because of idle timeout
TcpMessagingSession - receive error: operation aborted. errorcode: 995, details: The I/O operation has been aborted because of either a thread exit or an application request.
AssetImportWorker is now disconnected from the server
Process exiting
Exiting without the bug reporter. Application will terminate with return code 0